  World.cpp
C:\Users\drikd\Documents\GitHub\Minecraft-Clone\Minecraft Clone\Camera.h(125,70): warning C4244: 'argument': conversion from 'T' to 'int', possible loss of data
          with
          [
              T=float
          ]
C:\Users\drikd\Documents\GitHub\Minecraft-Clone\Minecraft Clone\Camera.h(125,56): warning C4244: 'argument': conversion from 'T' to 'int', possible loss of data
          with
          [
              T=float
          ]
C:\Users\drikd\Documents\GitHub\Minecraft-Clone\Minecraft Clone\Camera.h(125,40): warning C4244: 'argument': conversion from 'T' to 'int', possible loss of data
          with
          [
              T=float
          ]
C:\Users\drikd\Documents\GitHub\Minecraft-Clone\Minecraft Clone\Camera.h(128,66): warning C4244: 'argument': conversion from 'T' to 'int', possible loss of data
          with
          [
              T=float
          ]
C:\Users\drikd\Documents\GitHub\Minecraft-Clone\Minecraft Clone\Camera.h(128,53): warning C4244: 'argument': conversion from 'T' to 'int', possible loss of data
          with
          [
              T=float
          ]
C:\Users\drikd\Documents\GitHub\Minecraft-Clone\Minecraft Clone\Camera.h(128,40): warning C4244: 'argument': conversion from 'T' to 'int', possible loss of data
          with
          [
              T=float
          ]
C:\Users\drikd\Documents\GitHub\Minecraft-Clone\Minecraft Clone\Camera.h(138,64): warning C4244: 'argument': conversion from 'T' to 'int', possible loss of data
          with
          [
              T=float
          ]
C:\Users\drikd\Documents\GitHub\Minecraft-Clone\Minecraft Clone\Camera.h(138,57): warning C4244: 'argument': conversion from 'T' to 'int', possible loss of data
          with
          [
              T=float
          ]
C:\Users\drikd\Documents\GitHub\Minecraft-Clone\Minecraft Clone\Camera.h(138,50): warning C4244: 'argument': conversion from 'T' to 'int', possible loss of data
          with
          [
              T=float
          ]
  Minecraft Clone.vcxproj -> C:\Users\drikd\Documents\GitHub\Minecraft-Clone\Minecraft Clone\Debug\Minecraft Clone.exe
